<?xml version="1.0" encoding="UTF-8"?>
<!-- Generated by org.testng.reporters.JUnitXMLReporter -->
<testsuite ignored="1" hostname="DELL-PC" failures="0" tests="2" name="Default test" time="0.098" errors="0" timestamp="2021-08-20T00:10:07 IST">
  <testcase classname="JavawithTestNG.Demo3_priority" name="Test2" time="0.017"/>
  <testcase classname="JavawithTestNG.Demo3_priority" name="Test3" time="0.005"/>
  <testcase classname="JavawithTestNG.Demo3_priority" name="Test1" time="0.0">
    <ignored/>
  </testcase> <!-- Test1 -->
</testsuite> <!-- Default test -->
