<?xml version="1.0" encoding="UTF-8"?>
<testng-results ignored="0" total="1" passed="1" failed="0" skipped="0">
  <reporter-output>
  </reporter-output>
  <suite started-at="2021-10-28T16:17:04 IST" name="Suite" finished-at="2021-10-28T16:17:04 IST" duration-ms="97">
    <groups>
    </groups>
    <test started-at="2021-10-28T16:17:04 IST" name="testngodparametersdemo" finished-at="2021-10-28T16:17:04 IST" duration-ms="97">
      <class name="JavawithTestNG.Demo5_parameters">
        <test-method signature="test(java.lang.String,java.lang.String)[pri:0, instance:JavawithTestNG.Demo5_parameters@147ed70f]" started-at="2021-10-28T16:17:04 IST" name="test" finished-at="2021-10-28T16:17:04 IST" duration-ms="21" status="PASS">
          <params>
            <param index="0">
              <value>
                <![CDATA[FireFox]]>
              </value>
            </param>
            <param index="1">
              <value>
                <![CDATA[https://maven.apache.org/download.cgi]]>
              </value>
            </param>
          </params>
          <reporter-output>
          </reporter-output>
        </test-method> <!-- test -->
      </class> <!-- JavawithTestNG.Demo5_parameters -->
    </test> <!-- testngodparametersdemo -->
  </suite> <!-- Suite -->
</testng-results>
