<?xml version="1.0" encoding="UTF-8"?>
<testng-results ignored="0" total="1" passed="1" failed="0" skipped="0">
  <reporter-output>
  </reporter-output>
  <suite started-at="2022-07-07T22:33:10 IST" name="Default suite" finished-at="2022-07-07T22:33:49 IST" duration-ms="38687">
    <groups>
    </groups>
    <test started-at="2022-07-07T22:33:10 IST" name="Default test" finished-at="2022-07-07T22:33:49 IST" duration-ms="38687">
      <class name="config.TestwithProperties">
        <test-method is-config="true" signature="setup()[pri:0, instance:config.TestwithProperties@47af7f3d]" started-at="2022-07-07T22:33:10 IST" name="setup" finished-at="2022-07-07T22:33:37 IST" duration-ms="26627" status="PASS">
          <reporter-output>
          </reporter-output>
        </test-method> <!-- setup -->
        <test-method signature="test()[pri:0, instance:config.TestwithProperties@47af7f3d]" started-at="2022-07-07T22:33:37 IST" name="test" finished-at="2022-07-07T22:33:45 IST" duration-ms="8934" status="PASS">
          <reporter-output>
          </reporter-output>
        </test-method> <!-- test -->
        <test-method is-config="true" signature="afterClass()[pri:0, instance:config.TestwithProperties@47af7f3d]" started-at="2022-07-07T22:33:45 IST" name="afterClass" finished-at="2022-07-07T22:33:49 IST" duration-ms="3070" status="PASS">
          <reporter-output>
          </reporter-output>
        </test-method> <!-- afterClass -->
      </class> <!-- config.TestwithProperties -->
    </test> <!-- Default test -->
  </suite> <!-- Default suite -->
</testng-results>
